0 info it worked if it ends with ok
1 verbose cli [ '/usr/local/bin/node',
1 verbose cli   '/usr/local/bin/npm',
1 verbose cli   'install',
1 verbose cli   '-g',
1 verbose cli   'mongoimport' ]
2 info using npm@1.4.28
3 info using node@v0.10.35
4 verbose cache add [ 'mongoimport', null ]
5 verbose cache add name=undefined spec="mongoimport" args=["mongoimport",null]
6 verbose parsed url { protocol: null,
6 verbose parsed url   slashes: null,
6 verbose parsed url   auth: null,
6 verbose parsed url   host: null,
6 verbose parsed url   port: null,
6 verbose parsed url   hostname: null,
6 verbose parsed url   hash: null,
6 verbose parsed url   search: null,
6 verbose parsed url   query: null,
6 verbose parsed url   pathname: 'mongoimport',
6 verbose parsed url   path: 'mongoimport',
6 verbose parsed url   href: 'mongoimport' }
7 silly lockFile a94eabf0-mongoimport mongoimport
8 verbose lock mongoimport /Users/danspalding/.npm/a94eabf0-mongoimport.lock
9 silly lockFile a94eabf0-mongoimport mongoimport
10 silly lockFile a94eabf0-mongoimport mongoimport
11 verbose addNamed [ 'mongoimport', '' ]
12 verbose addNamed [ null, '*' ]
13 silly lockFile e865ebaf-mongoimport mongoimport@
14 verbose lock mongoimport@ /Users/danspalding/.npm/e865ebaf-mongoimport.lock
15 silly addNameRange { name: 'mongoimport', range: '*', hasData: false }
16 verbose request where is /mongoimport
17 verbose request registry https://registry.npmjs.org/
18 verbose request id 435ba5e1434664bb
19 verbose url raw /mongoimport
20 verbose url resolving [ 'https://registry.npmjs.org/', './mongoimport' ]
21 verbose url resolved https://registry.npmjs.org/mongoimport
22 verbose request where is https://registry.npmjs.org/mongoimport
23 info trying registry request attempt 1 at 16:01:05
24 http GET https://registry.npmjs.org/mongoimport
25 http 404 https://registry.npmjs.org/mongoimport
26 verbose headers { date: 'Tue, 20 Jan 2015 00:01:05 GMT',
26 verbose headers   server: 'CouchDB/1.5.0 (Erlang OTP/R16B03)',
26 verbose headers   'content-type': 'application/json',
26 verbose headers   'cache-control': 'max-age=0',
26 verbose headers   'content-length': '52',
26 verbose headers   'accept-ranges': 'bytes',
26 verbose headers   via: '1.1 varnish',
26 verbose headers   age: '0',
26 verbose headers   'x-served-by': 'cache-sjc3132-SJC',
26 verbose headers   'x-cache': 'MISS',
26 verbose headers   'x-cache-hits': '0',
26 verbose headers   'x-timer': 'S1421712065.682787,VS0,VE156',
26 verbose headers   'keep-alive': 'timeout=10, max=50',
26 verbose headers   connection: 'Keep-Alive' }
27 silly registry.get cb [ 404,
27 silly registry.get   { date: 'Tue, 20 Jan 2015 00:01:05 GMT',
27 silly registry.get     server: 'CouchDB/1.5.0 (Erlang OTP/R16B03)',
27 silly registry.get     'content-type': 'application/json',
27 silly registry.get     'cache-control': 'max-age=0',
27 silly registry.get     'content-length': '52',
27 silly registry.get     'accept-ranges': 'bytes',
27 silly registry.get     via: '1.1 varnish',
27 silly registry.get     age: '0',
27 silly registry.get     'x-served-by': 'cache-sjc3132-SJC',
27 silly registry.get     'x-cache': 'MISS',
27 silly registry.get     'x-cache-hits': '0',
27 silly registry.get     'x-timer': 'S1421712065.682787,VS0,VE156',
27 silly registry.get     'keep-alive': 'timeout=10, max=50',
27 silly registry.get     connection: 'Keep-Alive' } ]
28 silly lockFile e865ebaf-mongoimport mongoimport@
29 silly lockFile e865ebaf-mongoimport mongoimport@
30 error 404 404 Not Found: mongoimport
30 error 404
30 error 404 'mongoimport' is not in the npm registry.
30 error 404 You should bug the author to publish it
30 error 404
30 error 404 Note that you can also install from a
30 error 404 tarball, folder, or http url, or git url.
31 error System Darwin 14.0.0
32 error command "/usr/local/bin/node" "/usr/local/bin/npm" "install" "-g" "mongoimport"
33 error cwd /Users/danspalding/Documents/Hack Reactor/2014-12-solo
34 error node -v v0.10.35
35 error npm -v 1.4.28
36 error code E404
37 verbose exit [ 1, true ]
